Using pre-set license
Built from '2021.3/staging' branch; Version is '2021.3.11f1 (0a5ca18544bf) revision 679073'; Using compiler version '192829333'; Build Type 'Release'
OS: 'Windows 10  (10.0.19045) 64bit Professional' Language: 'en' Physical Memory: 32718 MB
BatchMode: 1, IsHumanControllingUs: 0, StartBugReporterOnCrash: 0, Is64bit: 1, IsPro: 1

COMMAND LINE ARGUMENTS:
C:\Program Files\Unity\Hub\Editor\2021.3.11f1\Editor\Unity.exe
-adb2
-batchMode
-noUpm
-name
AssetImportWorker3
-projectPath
G:/UNITY/Projects/TowerDefence
-logFile
Logs/AssetImportWorker3.log
-srvPort
61207
Successfully changed project path to: G:/UNITY/Projects/TowerDefence
G:/UNITY/Projects/TowerDefence
[UnityMemory] Configuration Parameters - Can be set up in boot.config
    "memorysetup-bucket-allocator-granularity=16"
    "memorysetup-bucket-allocator-bucket-count=8"
    "memorysetup-bucket-allocator-block-size=33554432"
    "memorysetup-bucket-allocator-block-count=8"
    "memorysetup-main-allocator-block-size=16777216"
    "memorysetup-thread-allocator-block-size=16777216"
    "memorysetup-gfx-main-allocator-block-size=16777216"
    "memorysetup-gfx-thread-allocator-block-size=16777216"
    "memorysetup-cache-allocator-block-size=4194304"
    "memorysetup-typetree-allocator-block-size=2097152"
    "memorysetup-profiler-bucket-allocator-granularity=16"
    "memorysetup-profiler-bucket-allocator-bucket-count=8"
    "memorysetup-profiler-bucket-allocator-block-size=33554432"
    "memorysetup-profiler-bucket-allocator-block-count=8"
    "memorysetup-profiler-allocator-block-size=16777216"
    "memorysetup-profiler-editor-allocator-block-size=1048576"
    "memorysetup-temp-allocator-size-main=16777216"
    "memorysetup-job-temp-allocator-block-size=2097152"
    "memorysetup-job-temp-allocator-block-size-background=1048576"
    "memorysetup-job-temp-allocator-reduction-small-platforms=262144"
    "memorysetup-temp-allocator-size-background-worker=32768"
    "memorysetup-temp-allocator-size-job-worker=262144"
    "memorysetup-temp-allocator-size-preload-manager=33554432"
    "memorysetup-temp-allocator-size-nav-mesh-worker=65536"
    "memorysetup-temp-allocator-size-audio-worker=65536"
    "memorysetup-temp-allocator-size-cloud-worker=32768"
    "memorysetup-temp-allocator-size-gi-baking-worker=262144"
    "memorysetup-temp-allocator-size-gfx=262144"
Refreshing native plugins compatible for Editor in 73.06 ms, found 3 plugins.
Preloading 0 native plugins for Editor in 0.00 ms.
Initialize engine version: 2021.3.11f1 (0a5ca18544bf)
[Subsystems] Discovering subsystems at path C:/Program Files/Unity/Hub/Editor/2021.3.11f1/Editor/Data/Resources/UnitySubsystems
[Subsystems] Discovering subsystems at path G:/UNITY/Projects/TowerDefence/Assets
GfxDevice: creating device client; threaded=0; jobified=0
Direct3D:
    Version:  Direct3D 11.0 [level 11.1]
    Renderer: NVIDIA GeForce RTX 3070 (ID=0x2484)
    Vendor:   NVIDIA
    VRAM:     8031 MB
    Driver:   31.0.15.3203
Initialize mono
Mono path[0] = 'C:/Program Files/Unity/Hub/Editor/2021.3.11f1/Editor/Data/Managed'
Mono path[1] = 'C:/Program Files/Unity/Hub/Editor/2021.3.11f1/Editor/Data/MonoBleedingEdge/lib/mono/unityjit-win32'
Mono config path = 'C:/Program Files/Unity/Hub/Editor/2021.3.11f1/Editor/Data/MonoBleedingEdge/etc'
Using monoOptions --debugger-agent=transport=dt_socket,embedding=1,server=y,suspend=n,address=127.0.0.1:56080
Begin MonoManager ReloadAssembly
Registering precompiled unity dll's ...
Register platform support module: C:/Program Files/Unity/Hub/Editor/2021.3.11f1/Editor/Data/PlaybackEngines/AndroidPlayer/UnityEditor.Android.Extensions.dll
Register platform support module: C:/Program Files/Unity/Hub/Editor/2021.3.11f1/Editor/Data/PlaybackEngines/iOSSupport/UnityEditor.iOS.Extensions.dll
Register platform support module: C:/Program Files/Unity/Hub/Editor/2021.3.11f1/Editor/Data/PlaybackEngines/WindowsStandaloneSupport/UnityEditor.WindowsStandalone.Extensions.dll
Registered in 0.015330 seconds.
Native extension for WindowsStandalone target not found
[usbmuxd] Start listen thread
[usbmuxd] Listen thread started
Native extension for iOS target not found
Native extension for Android target not found
Refreshing native plugins compatible for Editor in 58.87 ms, found 3 plugins.
Preloading 0 native plugins for Editor in 0.00 ms.
Mono: successfully reloaded assembly
- Completed reload, in  0.845 seconds
Domain Reload Profiling:
	ReloadAssembly (846ms)
		BeginReloadAssembly (92ms)
			ExecutionOrderSort (0ms)
			DisableScriptedObjects (0ms)
			BackupInstance (0ms)
			ReleaseScriptingObjects (0ms)
			CreateAndSetChildDomain (1ms)
		EndReloadAssembly (610ms)
			LoadAssemblies (89ms)
			RebuildTransferFunctionScriptingTraits (0ms)
			SetupTypeCache (134ms)
			ReleaseScriptCaches (0ms)
			RebuildScriptCaches (35ms)
			SetupLoadedEditorAssemblies (377ms)
				LogAssemblyErrors (0ms)
				InitializePlatformSupportModulesInManaged (118ms)
				SetLoadedEditorAssemblies (0ms)
				RefreshPlugins (59ms)
				BeforeProcessingInitializeOnLoad (2ms)
				ProcessInitializeOnLoadAttributes (132ms)
				ProcessInitializeOnLoadMethodAttributes (66ms)
				AfterProcessingInitializeOnLoad (0ms)
				EditorAssembliesLoaded (0ms)
			ExecutionOrderSort2 (0ms)
			AwakeInstancesAfterBackupRestoration (0ms)
Platform modules already initialized, skipping
Registering precompiled user dll's ...
Registered in 0.007955 seconds.
Begin MonoManager ReloadAssembly
Native extension for WindowsStandalone target not found
Native extension for iOS target not found
Native extension for Android target not found
Refreshing native plugins compatible for Editor in 58.92 ms, found 3 plugins.
Preloading 0 native plugins for Editor in 0.00 ms.
Mono: successfully reloaded assembly
- Completed reload, in  1.467 seconds
Domain Reload Profiling:
	ReloadAssembly (1469ms)
		BeginReloadAssembly (167ms)
			ExecutionOrderSort (0ms)
			DisableScriptedObjects (11ms)
			BackupInstance (0ms)
			ReleaseScriptingObjects (0ms)
			CreateAndSetChildDomain (30ms)
		EndReloadAssembly (1141ms)
			LoadAssemblies (108ms)
			RebuildTransferFunctionScriptingTraits (0ms)
			SetupTypeCache (289ms)
			ReleaseScriptCaches (1ms)
			RebuildScriptCaches (91ms)
			SetupLoadedEditorAssemblies (596ms)
				LogAssemblyErrors (0ms)
				InitializePlatformSupportModulesInManaged (30ms)
				SetLoadedEditorAssemblies (0ms)
				RefreshPlugins (59ms)
				BeforeProcessingInitializeOnLoad (109ms)
				ProcessInitializeOnLoadAttributes (307ms)
				ProcessInitializeOnLoadMethodAttributes (73ms)
				AfterProcessingInitializeOnLoad (16ms)
				EditorAssembliesLoaded (0ms)
			ExecutionOrderSort2 (0ms)
			AwakeInstancesAfterBackupRestoration (8ms)
Platform modules already initialized, skipping
========================================================================
Worker process is ready to serve import requests
Launched and connected shader compiler UnityShaderCompiler.exe after 0.04 seconds
Refreshing native plugins compatible for Editor in 0.83 ms, found 3 plugins.
Preloading 0 native plugins for Editor in 0.00 ms.
Unloading 2762 Unused Serialized files (Serialized files now loaded: 0)
Unloading 56 unused Assets / (57.4 KB). Loaded Objects now: 3207.
Memory consumption went from 122.0 MB to 121.9 MB.
Total: 3.623800 ms (FindLiveObjects: 0.291200 ms CreateObjectMapping: 0.071900 ms MarkObjects: 3.161600 ms  DeleteObjects: 0.098100 ms)

AssetImportParameters requested are different than current active one (requested -> active):
  custom:video-decoder-ogg-theora: a1e56fd34408186e4bbccfd4996cb3dc -> 
  custom:container-muxer-webm: aa71ff27fc2769a1b78a27578f13a17b -> 
  custom:container-demuxer-webm: 4f35f7cbe854078d1ac9338744f61a02 -> 
  custom:video-encoder-webm-vp8: eb34c28f22e8b96e1ab97ce403110664 -> 
  custom:video-codec-MediaFoundation-h265: 746d11721c4dcdbdad8f713fa42b33f4 -> 
  custom:audio-encoder-webm-vorbis: bf7c407c2cedff20999df2af8eb42d56 -> 
  custom:framework-win-MediaFoundation: 216162199b28c13a410421893ffa2e32 -> 
  custom:container-demuxer-ogg: 62fdf1f143b41e24485cea50d1cbac27 -> 
  custom:video-decoder-webm-vp8: 9c59270c3fd7afecdb556c50c9e8de78 -> 
  custom:audio-decoder-ogg-vorbis: bf7c407c2cedff20999df2af8eb42d56 -> 
========================================================================
Received Import Request.
  Time since last request: 513874.129090 seconds.
  path: Assets/Art/Sprites/Textures/tiles/Scenery/generic-rpg-tile02.png
  artifactKey: Guid(75e493c20a97b5a44b05ea67861e34ff) Importer(815301076,1909f56bfc062723c751e8b465ee728b)
Start importing Assets/Art/Sprites/Textures/tiles/Scenery/generic-rpg-tile02.png using Guid(75e493c20a97b5a44b05ea67861e34ff) Importer(815301076,1909f56bfc062723c751e8b465ee728b)  -> (artifact id: '844bbe4e8d3c2d0101106b853e102ed4') in 0.151515 seconds 
========================================================================
Received Import Request.
  Time since last request: 1.571389 seconds.
  path: Assets/Art/Sprites/Textures/tiles/Scenery/generic-rpg-tile09.png
  artifactKey: Guid(1ef314bd9fb6e764096d741f2dcde6eb) Importer(815301076,1909f56bfc062723c751e8b465ee728b)
Start importing Assets/Art/Sprites/Textures/tiles/Scenery/generic-rpg-tile09.png using Guid(1ef314bd9fb6e764096d741f2dcde6eb) Importer(815301076,1909f56bfc062723c751e8b465ee728b)  -> (artifact id: '21324be6ad774086f050aff0a3a82fcb') in 0.023668 seconds 
========================================================================
Received Import Request.
  Time since last request: 0.000024 seconds.
  path: Assets/Art/Sprites/Textures/tiles/Scenery/generic-rpg-tile12.png
  artifactKey: Guid(3f01492289129a14c9ec680480800400) Importer(815301076,1909f56bfc062723c751e8b465ee728b)
Start importing Assets/Art/Sprites/Textures/tiles/Scenery/generic-rpg-tile12.png using Guid(3f01492289129a14c9ec680480800400) Importer(815301076,1909f56bfc062723c751e8b465ee728b)  -> (artifact id: '145a65e8f61c8c26fe44ee666d05efb2') in 0.028139 seconds 
========================================================================
Received Import Request.
  Time since last request: 0.187824 seconds.
  path: Assets/Art/Sprites/Textures/tiles/Scenery/generic-rpg-tile16.png
  artifactKey: Guid(bf18310d1835a6c4ba9f711199780a38) Importer(815301076,1909f56bfc062723c751e8b465ee728b)
Start importing Assets/Art/Sprites/Textures/tiles/Scenery/generic-rpg-tile16.png using Guid(bf18310d1835a6c4ba9f711199780a38) Importer(815301076,1909f56bfc062723c751e8b465ee728b)  -> (artifact id: '72a3e3dd62902a66ffcd7318f61660d3') in 0.021688 seconds 
========================================================================
Received Import Request.
  Time since last request: 0.000027 seconds.
  path: Assets/Art/Sprites/Textures/tiles/Scenery/generic-rpg-tile20.png
  artifactKey: Guid(442ea187a9b58dd479db5c342bf435f8) Importer(815301076,1909f56bfc062723c751e8b465ee728b)
Start importing Assets/Art/Sprites/Textures/tiles/Scenery/generic-rpg-tile20.png using Guid(442ea187a9b58dd479db5c342bf435f8) Importer(815301076,1909f56bfc062723c751e8b465ee728b)  -> (artifact id: '4020c1e103a913a6d5d076e76aa7d20e') in 0.023290 seconds 
========================================================================
Received Import Request.
  Time since last request: 0.000033 seconds.
  path: Assets/Art/Sprites/Textures/tiles/Scenery/generic-rpg-tile18.png
  artifactKey: Guid(d93f9390ea4185349bc5ee4d6244e95e) Importer(815301076,1909f56bfc062723c751e8b465ee728b)
Start importing Assets/Art/Sprites/Textures/tiles/Scenery/generic-rpg-tile18.png using Guid(d93f9390ea4185349bc5ee4d6244e95e) Importer(815301076,1909f56bfc062723c751e8b465ee728b)  -> (artifact id: '0650a328480a7edc2a03cd606e29d11a') in 0.020949 seconds 
========================================================================
Received Import Request.
  Time since last request: 0.000044 seconds.
  path: Assets/Art/Sprites/Textures/tiles/Scenery/generic-rpg-tile24.png
  artifactKey: Guid(697fa941e47c91a4185e55048f1beb6c) Importer(815301076,1909f56bfc062723c751e8b465ee728b)
Start importing Assets/Art/Sprites/Textures/tiles/Scenery/generic-rpg-tile24.png using Guid(697fa941e47c91a4185e55048f1beb6c) Importer(815301076,1909f56bfc062723c751e8b465ee728b)  -> (artifact id: 'f49fde8f5f6162e37c62b0730544b935') in 0.029967 seconds 
========================================================================
Received Import Request.
  Time since last request: 0.000046 seconds.
  path: Assets/Art/Sprites/Textures/tiles/Scenery/generic-rpg-tile26.png
  artifactKey: Guid(7714622091919be44aa3e06da0d1140d) Importer(815301076,1909f56bfc062723c751e8b465ee728b)
Start importing Assets/Art/Sprites/Textures/tiles/Scenery/generic-rpg-tile26.png using Guid(7714622091919be44aa3e06da0d1140d) Importer(815301076,1909f56bfc062723c751e8b465ee728b)  -> (artifact id: 'e57e300254b6e6d422f0e4f7825c1f2f') in 0.024615 seconds 
========================================================================
Received Import Request.
  Time since last request: 0.094016 seconds.
  path: Assets/Art/Sprites/Textures/tiles/Scenery/generic-rpg-tile30.png
  artifactKey: Guid(95f7f03abd2dbb240828a1bfff933092) Importer(815301076,1909f56bfc062723c751e8b465ee728b)
Start importing Assets/Art/Sprites/Textures/tiles/Scenery/generic-rpg-tile30.png using Guid(95f7f03abd2dbb240828a1bfff933092) Importer(815301076,1909f56bfc062723c751e8b465ee728b)  -> (artifact id: '89e9c9ab6ab012e147a29b5126281a76') in 0.024081 seconds 
========================================================================
Received Import Request.
  Time since last request: 0.000027 seconds.
  path: Assets/Art/Sprites/Textures/tiles/Scenery/generic-rpg-tile31.png
  artifactKey: Guid(eeaa949e13bcff24da35485782482c8a) Importer(815301076,1909f56bfc062723c751e8b465ee728b)
Start importing Assets/Art/Sprites/Textures/tiles/Scenery/generic-rpg-tile31.png using Guid(eeaa949e13bcff24da35485782482c8a) Importer(815301076,1909f56bfc062723c751e8b465ee728b)  -> (artifact id: '4195e2a0ce6a88354e99449d53bcd264') in 0.024880 seconds 
========================================================================
Received Import Request.
  Time since last request: 0.000032 seconds.
  path: Assets/Art/Sprites/Textures/tiles/Scenery/generic-rpg-tile32.png
  artifactKey: Guid(5a4b41494e1c76041981b194ad6eab81) Importer(815301076,1909f56bfc062723c751e8b465ee728b)
Start importing Assets/Art/Sprites/Textures/tiles/Scenery/generic-rpg-tile32.png using Guid(5a4b41494e1c76041981b194ad6eab81) Importer(815301076,1909f56bfc062723c751e8b465ee728b)  -> (artifact id: 'e0e7804c4d3760e5b4cdbdd1b6380f77') in 0.020244 seconds 
========================================================================
Received Import Request.
  Time since last request: 0.233995 seconds.
  path: Assets/Art/Sprites/Textures/tiles/Scenery/generic-rpg-tile38.png
  artifactKey: Guid(6189c72bac1b9d74aad4664b5522539b) Importer(815301076,1909f56bfc062723c751e8b465ee728b)
Start importing Assets/Art/Sprites/Textures/tiles/Scenery/generic-rpg-tile38.png using Guid(6189c72bac1b9d74aad4664b5522539b) Importer(815301076,1909f56bfc062723c751e8b465ee728b)  -> (artifact id: 'd5acf55b38a478dadda2d0a44d44f1a7') in 0.026262 seconds 
========================================================================
Received Import Request.
  Time since last request: 0.000040 seconds.
  path: Assets/Art/Sprites/Textures/tiles/Scenery/generic-rpg-tile41.png
  artifactKey: Guid(085b16684ccbd59428488508bf46bc6e) Importer(815301076,1909f56bfc062723c751e8b465ee728b)
Start importing Assets/Art/Sprites/Textures/tiles/Scenery/generic-rpg-tile41.png using Guid(085b16684ccbd59428488508bf46bc6e) Importer(815301076,1909f56bfc062723c751e8b465ee728b)  -> (artifact id: '88942d7cca6718ef0eb4c5a310fcadc1') in 0.024727 seconds 
========================================================================
Received Import Request.
  Time since last request: 0.000034 seconds.
  path: Assets/Art/Sprites/Textures/tiles/Scenery/generic-rpg-tile39.png
  artifactKey: Guid(f4ad031a864e63843ba212db27c6d455) Importer(815301076,1909f56bfc062723c751e8b465ee728b)
Start importing Assets/Art/Sprites/Textures/tiles/Scenery/generic-rpg-tile39.png using Guid(f4ad031a864e63843ba212db27c6d455) Importer(815301076,1909f56bfc062723c751e8b465ee728b)  -> (artifact id: '266a1276170d9624e10737fa7c7f8240') in 0.027596 seconds 
========================================================================
Received Import Request.
  Time since last request: 0.000026 seconds.
  path: Assets/Art/Sprites/Textures/tiles/Scenery/generic-rpg-tile47.png
  artifactKey: Guid(3ab727338e07e3b44a5eae64095a5800) Importer(815301076,1909f56bfc062723c751e8b465ee728b)
Start importing Assets/Art/Sprites/Textures/tiles/Scenery/generic-rpg-tile47.png using Guid(3ab727338e07e3b44a5eae64095a5800) Importer(815301076,1909f56bfc062723c751e8b465ee728b)  -> (artifact id: '2da013bb3c9970cffb678007208a91ef') in 0.029194 seconds 
========================================================================
Received Import Request.
  Time since last request: 0.000019 seconds.
  path: Assets/Art/Sprites/Textures/tiles/Scenery/generic-rpg-tile51.png
  artifactKey: Guid(7e52f0af57199014da2956f0f3f5b826) Importer(815301076,1909f56bfc062723c751e8b465ee728b)
Start importing Assets/Art/Sprites/Textures/tiles/Scenery/generic-rpg-tile51.png using Guid(7e52f0af57199014da2956f0f3f5b826) Importer(815301076,1909f56bfc062723c751e8b465ee728b)  -> (artifact id: '96754e54ed1b80772e3964c7211c9f12') in 0.028772 seconds 
========================================================================
Received Import Request.
  Time since last request: 0.000034 seconds.
  path: Assets/Art/Sprites/Textures/tiles/Scenery/generic-rpg-tile53.png
  artifactKey: Guid(dfc72603a405bae448eeb29b17361562) Importer(815301076,1909f56bfc062723c751e8b465ee728b)
Start importing Assets/Art/Sprites/Textures/tiles/Scenery/generic-rpg-tile53.png using Guid(dfc72603a405bae448eeb29b17361562) Importer(815301076,1909f56bfc062723c751e8b465ee728b)  -> (artifact id: 'e618bd085a832d412af733b9f9312d45') in 0.022802 seconds 
========================================================================
Received Import Request.
  Time since last request: 0.000034 seconds.
  path: Assets/Art/Sprites/Textures/tiles/Scenery/generic-rpg-tile45.png
  artifactKey: Guid(d09c4ab92e3230244bbe3c6ce9cecbd8) Importer(815301076,1909f56bfc062723c751e8b465ee728b)
Start importing Assets/Art/Sprites/Textures/tiles/Scenery/generic-rpg-tile45.png using Guid(d09c4ab92e3230244bbe3c6ce9cecbd8) Importer(815301076,1909f56bfc062723c751e8b465ee728b)  -> (artifact id: 'e67cd3dab95342faf0eaa78c86f5fb3e') in 0.024375 seconds 
========================================================================
Received Import Request.
  Time since last request: 17.361754 seconds.
  path: Assets/Art/Sprites/Characters/Units/Piercer.png
  artifactKey: Guid(66fa8cd2d9b8cb54fbeec03c28e0347d) Importer(815301076,1909f56bfc062723c751e8b465ee728b)
Start importing Assets/Art/Sprites/Characters/Units/Piercer.png using Guid(66fa8cd2d9b8cb54fbeec03c28e0347d) Importer(815301076,1909f56bfc062723c751e8b465ee728b)  -> (artifact id: '66a393ca6683b37b5f3203bbba762d12') in 0.030495 seconds 
Editor requested this worker to shutdown with reason: Scaling down because of idle timeout
AssetImportWorker is now disconnected from the server
Process exiting
Exiting without the bug reporter. Application will terminate with return code 0